{
  "RSpec": {
    "coverage": {
      "/Users/Jim/RubymineProjects/tennis-score-board-ng/spec/controllers/v1/application_controller_spec.rb": [
        1,
        1,
        null,
        1,
        4,
        null,
        1,
        1,
        9,
        null,
        null,
        null,
        1,
        6,
        null,
        null,
        1,
        1,
        4,
        null,
        1,
        1,
        null,
        null,
        1,
        null,
        null,
        1,
        1,
        3,
        3,
        null,
        null,
        1,
        1,
        null,
        null,
        1,
        null,
        null,
        1,
        1,
        3,
        3,
        null,
        null,
        1,
        1,
        null,
        null,
        2,
        null,
        1,
        null,
        null,
        null,
        null,
        null
      ],
      "/Users/Jim/RubymineProjects/tennis-score-board-ng/spec/rails_helper.rb": [
        null,
        1,
        1,
        null,
        1,
        1,
        1,
        null,
        null,
        null,
        null,
        null,
        null,
        null,
        null,
        null,
        null,
        null,
        null,
        null,
        null,
        null,
        2,
        null,
        null,
        null,
        1,
        null,
        1,
        null,
        1,
        null,
        null,
        null,
        null,
        1,
        null,
        null,
        null,
        null,
        null,
        null,
        null,
        null,
        null,
        null,
        null,
        null,
        null,
        null,
        1,
        null,
        null,
        1,
        null,
        null,
        null,
        null,
        null,
        null,
        null,
        1,
        null,
        null,
        1,
        1,
        1,
        null,
        1,
        null,
        1,
        183,
        null,
        null,
        null,
        null,
        1,
        1,
        null,
        1,
        1,
        null,
        null,
        null,
        null
      ],
      "/Users/Jim/RubymineProjects/tennis-score-board-ng/config/environment.rb": [
        null,
        1,
        null,
        null,
        1
      ],
      "/Users/Jim/RubymineProjects/tennis-score-board-ng/config/application.rb": [
        1,
        null,
        1,
        null,
        null,
        null,
        1,
        null,
        1,
        1,
        null,
        null,
        null,
        null,
        null,
        null,
        null,
        null,
        null,
        null,
        null,
        null,
        null,
        1,
        null,
        null
      ],
      "/Users/Jim/RubymineProjects/tennis-score-board-ng/config/boot.rb": [
        1,
        null,
        1
      ],
      "/Users/Jim/RubymineProjects/tennis-score-board-ng/config/environments/test.rb": [
        1,
        null,
        null,
        null,
        null,
        null,
        null,
        1,
        null,
        null,
        null,
        null,
        1,
        null,
        null,
        1,
        1,
        null,
        null,
        1,
        1,
        null,
        null,
        1,
        null,
        null,
        1,
        null,
        null,
        null,
        null,
        1,
        null,
        null,
        1,
        null,
        null,
        1,
        null,
        null,
        null,
        null
      ],
      "/Users/Jim/RubymineProjects/tennis-score-board-ng/config/initializers/devise.rb": [
        null,
        null,
        1,
        null,
        null,
        null,
        null,
        null,
        null,
        null,
        null,
        null,
        1,
        null,
        null,
        null,
        null,
        null,
        null,
        null,
        null,
        1,
        null,
        null,
        null,
        null,
        null,
        null,
        null,
        null,
        null,
        null,
        1,
        null,
        null,
        null,
        null,
        null,
        null,
        null,
        null,
        null,
        null,
        null,
        null,
        1,
        null,
        null,
        null,
        null,
        null,
        1,
        null,
        null,
        null,
        null,
        null,
        null,
        null,
        null,
        null,
        null,
        null,
        null,
        null,
        null,
        null,
        null,
        null,
        null,
        null,
        null,
        null,
        null,
        null,
        null,
        null,
        null,
        null,
        null,
        null,
        null,
        1,
        null,
        null,
        null,
        null,
        null,
        null,
        null,
        null,
        null,
        null,
        null,
        null,
        null,
        null,
        null,
        null,
        1,
        null,
        null,
        null,
        null,
        null,
        null,
        null,
        null,
        null,
        null,
        null,
        null,
        null,
        null,
        null,
        null,
        null,
        null,
        null,
        null,
        null,
        null,
        null,
        null,
        1,
        null,
        null,
        null,
        null,
        null,
        null,
        null,
        null,
        null,
        null,
        null,
        null,
        null,
        null,
        null,
        null,
        null,
        1,
        null,
        null,
        null,
        null,
        null,
        null,
        null,
        null,
        null,
        null,
        null,
        null,
        null,
        null,
        null,
        null,
        null,
        null,
        null,
        null,
        null,
        null,
        null,
        null,
        null,
        null,
        null,
        null,
        null,
        null,
        null,
        null,
        null,
        null,
        null,
        null,
        null,
        null,
        null,
        null,
        null,
        null,
        null,
        null,
        null,
        null,
        null,
        null,
        1,
        null,
        null,
        null,
        null,
        null,
        null,
        null,
        null,
        null,
        null,
        null,
        null,
        null,
        null,
        null,
        null,
        null,
        null,
        null,
        null,
        null,
        null,
        null,
        null,
        null,
        null,
        null,
        null,
        null,
        null,
        null,
        null,
        null,
        null,
        null,
        null,
        null,
        1,
        null,
        null,
        null,
        null,
        null,
        null,
        null,
        null,
        null,
        null,
        null,
        null,
        null,
        null,
        null,
        null,
        null,
        null,
        null,
        null,
        null,
        null,
        null,
        null,
        null,
        null,
        null,
        null,
        null
      ],
      "/Users/Jim/RubymineProjects/tennis-score-board-ng/config/initializers/filter_parameter_logging.rb": [
        null,
        null,
        null,
        1
      ],
      "/Users/Jim/RubymineProjects/tennis-score-board-ng/config/initializers/secret_token.rb": [
        null,
        null,
        null,
        null,
        null,
        null,
        null,
        null,
        null,
        null,
        null,
        null,
        null,
        null,
        null,
        null,
        null,
        null,
        1
      ],
      "/Users/Jim/RubymineProjects/tennis-score-board-ng/config/initializers/wrap_parameters.rb": [
        null,
        null,
        null,
        null,
        null,
        null,
        null,
        null,
        null,
        null,
        null,
        null,
        null
      ],
      "/Users/Jim/RubymineProjects/tennis-score-board-ng/spec/factories/match_play.rb": [
        1,
        null,
        1,
        1,
        1,
        1,
        1,
        1,
        1,
        null,
        null,
        1,
        111,
        null,
        null,
        null,
        1,
        1,
        1,
        1,
        1,
        1,
        null,
        null,
        1,
        46,
        null,
        null,
        null,
        null,
        1,
        157,
        59,
        null,
        157,
        20,
        null,
        157,
        77,
        77,
        null,
        157,
        6,
        null,
        null,
        null,
        null
      ],
      "/Users/Jim/RubymineProjects/tennis-score-board-ng/lib/play_match.rb": [
        null,
        null,
        1,
        null,
        null,
        null,
        null,
        null,
        null,
        null,
        1,
        84,
        null,
        null,
        null,
        null,
        null,
        null,
        null,
        null,
        null,
        null,
        null,
        null,
        null,
        null,
        null,
        null,
        null,
        null,
        null,
        1,
        257,
        null,
        null,
        null,
        null,
        1,
        169,
        null,
        null,
        null,
        null,
        null,
        null,
        null,
        null,
        null,
        null,
        null,
        null,
        null,
        1,
        84,
        null,
        255,
        null,
        null,
        null,
        null,
        1,
        79,
        79,
        79,
        null,
        null,
        null,
        null,
        null,
        1,
        20,
        20,
        20,
        9,
        null,
        11,
        null,
        null,
        null,
        null,
        null,
        null,
        1,
        null,
        6,
        null,
        null,
        null,
        1,
        null,
        1,
        null,
        1,
        null,
        1,
        null,
        null,
        1,
        171,
        171,
        null,
        null,
        null,
        null,
        null,
        1,
        172,
        null,
        172,
        546,
        null,
        172,
        85,
        null,
        87,
        null,
        705,
        172,
        null,
        null,
        1,
        20,
        null,
        null,
        1,
        171,
        31,
        140,
        56,
        null,
        null,
        null,
        1,
        171,
        1278,
        647,
        null,
        631,
        null,
        1278,
        null,
        null,
        null,
        1,
        1278,
        1230,
        48,
        19,
        29,
        28,
        null,
        1,
        null,
        null,
        null,
        1,
        28,
        28,
        null,
        28,
        null,
        null,
        1,
        1230,
        null,
        1174,
        1174,
        297,
        17,
        null,
        17,
        null,
        null,
        877,
        67,
        null,
        null,
        1174,
        null,
        1230,
        null,
        null,
        1,
        1,
        null,
        null,
        null
      ],
      "/Users/Jim/RubymineProjects/tennis-score-board-ng/app/models/match.rb": [
        null,
        null,
        null,
        null,
        null,
        null,
        null,
        null,
        null,
        null,
        null,
        null,
        null,
        null,
        null,
        null,
        null,
        null,
        null,
        null,
        null,
        null,
        null,
        null,
        null,
        null,
        null,
        null,
        null,
        null,
        null,
        null,
        null,
        null,
        null,
        null,
        null,
        null,
        null,
        null,
        1,
        1,
        null,
        1,
        null,
        1,
        1,
        1,
        1,
        1,
        null,
        null,
        null,
        3561,
        null,
        274,
        null,
        null,
        1,
        1,
        1,
        3560,
        null,
        null,
        null,
        null,
        null,
        null,
        null,
        null,
        null,
        null,
        null,
        null,
        null,
        null,
        null,
        null,
        null,
        null,
        null,
        null,
        null,
        null,
        null,
        null,
        null,
        null,
        null,
        null,
        null,
        null,
        null,
        null,
        null,
        null,
        null,
        null,
        null,
        1,
        2936,
        2936,
        2934,
        2934,
        2934,
        2934,
        4,
        null,
        null,
        2,
        null,
        2,
        null,
        null,
        2930,
        null,
        2907,
        2907,
        null,
        null,
        2,
        null,
        null,
        null,
        null,
        null,
        1,
        3146,
        3146,
        3145,
        null,
        1,
        null,
        null,
        null,
        null,
        null,
        null,
        null,
        null,
        null,
        null,
        null,
        1,
        54,
        null,
        null,
        null,
        1,
        2176,
        null,
        null,
        null,
        null,
        1,
        7978,
        null,
        null,
        null,
        null,
        1,
        191,
        null,
        null,
        null,
        null,
        1,
        5412,
        null,
        null,
        null,
        null,
        1,
        190,
        null,
        null,
        null,
        null,
        null,
        null,
        1,
        683,
        43,
        640,
        536,
        null,
        104,
        null,
        null,
        null,
        null,
        null,
        null,
        null,
        null,
        1,
        2741,
        3901,
        3901,
        null,
        null,
        null,
        null,
        null,
        1,
        3152,
        null,
        null,
        null,
        null,
        1,
        14622,
        null,
        null,
        null,
        null,
        null,
        1,
        4223,
        4223,
        4223,
        null,
        null,
        null,
        null,
        null,
        1,
        4223,
        null,
        2998,
        null,
        610,
        null,
        615,
        null,
        null,
        null,
        null,
        null,
        null,
        1,
        1397,
        null,
        null,
        null,
        null,
        null,
        null,
        1,
        246,
        null,
        null,
        null,
        null,
        null,
        1,
        1399,
        1,
        null,
        1398,
        1398,
        81,
        1317,
        21,
        null,
        null,
        null,
        null,
        null,
        null,
        null,
        null,
        null,
        null,
        1,
        26,
        26,
        null,
        null,
        null,
        null,
        null,
        null,
        null,
        null,
        null,
        null,
        1,
        516,
        null,
        364,
        null,
        81,
        null,
        71,
        null,
        null,
        null,
        null,
        null,
        null,
        null,
        1,
        7273,
        3849,
        3036,
        813,
        813,
        null,
        null,
        null,
        null,
        1,
        null,
        1,
        13390,
        13390,
        null,
        null,
        1,
        381,
        381,
        null,
        null,
        null,
        1,
        4,
        null,
        null,
        null,
        1,
        null,
        null,
        4,
        4,
        null,
        null,
        null,
        1,
        null,
        null,
        2907,
        2907,
        null,
        null,
        1,
        6136,
        null,
        null,
        1,
        1,
        null
      ],
      "/Users/Jim/RubymineProjects/tennis-score-board-ng/app/models/concerns/match_play.rb": [
        null,
        null,
        1,
        null,
        null,
        null,
        null,
        null,
        null,
        null,
        null,
        1,
        null,
        null,
        null,
        1,
        238,
        null,
        null,
        null,
        null,
        null,
        null,
        null,
        null,
        null,
        1,
        6082,
        6082,
        null,
        null,
        null,
        null,
        null,
        null,
        null,
        null,
        null,
        null,
        null,
        1,
        54,
        54,
        540,
        122,
        null,
        null,
        54,
        null,
        null,
        1,
        null,
        1,
        null,
        1,
        12215,
        238,
        238,
        null,
        null,
        null,
        null,
        238,
        2380,
        null,
        null,
        null,
        null,
        null,
        null,
        238,
        null,
        714,
        1340,
        1340,
        1335,
        null,
        null,
        null,
        238,
        238,
        1265,
        1265,
        null,
        null,
        null,
        238,
        2380,
        1428,
        325,
        null,
        null,
        null,
        null,
        12215,
        null,
        null,
        1,
        1337,
        1337,
        6,
        null,
        1331,
        null,
        null,
        null,
        1,
        1243,
        1243,
        0,
        null,
        1243,
        null,
        null,
        null,
        1,
        2580,
        null,
        null,
        null,
        2580,
        2580,
        1505,
        1329,
        null,
        176,
        null,
        null,
        2580,
        null,
        null,
        null,
        null,
        null,
        null,
        null,
        null,
        null,
        null,
        null,
        null,
        1,
        303,
        null,
        null,
        1,
        170,
        1,
        null,
        169,
        169,
        169,
        169,
        null,
        null,
        null,
        1,
        194,
        null,
        null,
        1,
        65,
        1,
        null,
        null,
        64,
        64,
        64,
        64,
        null,
        null,
        null,
        null,
        1,
        2582,
        null,
        null,
        1,
        1265,
        170,
        null,
        1263,
        1,
        1,
        null,
        null,
        1262,
        1259,
        1259,
        null,
        null,
        1,
        161,
        null,
        null,
        1,
        1278,
        1,
        null,
        null,
        1277,
        1277,
        1277,
        1277,
        null,
        null,
        null,
        1,
        113,
        null,
        null,
        1,
        36,
        2,
        null,
        34,
        34,
        34,
        null,
        null,
        null,
        1,
        60,
        null,
        null,
        1,
        33,
        2,
        null,
        31,
        31,
        31,
        31,
        null,
        null,
        null,
        null,
        1,
        227,
        null,
        null,
        1,
        38,
        1,
        null,
        37,
        37,
        37,
        37,
        null,
        null,
        null,
        1,
        104,
        null,
        null,
        1,
        24,
        2,
        null,
        22,
        22,
        22,
        22,
        null,
        null,
        null,
        1,
        59,
        null,
        null,
        1,
        2,
        1,
        null,
        1,
        1,
        1,
        1,
        1,
        1,
        null,
        null,
        null,
        1,
        14,
        1,
        null,
        13,
        null,
        null,
        1,
        68,
        null,
        null,
        null,
        null,
        null,
        1,
        170,
        170,
        170,
        139,
        139,
        31,
        31,
        31,
        null,
        null,
        null,
        1,
        270,
        270,
        null,
        null,
        270,
        270,
        null,
        null,
        1,
        1330,
        null,
        null,
        1,
        5915,
        null,
        null,
        1,
        2990,
        null,
        null,
        null,
        null,
        null,
        null,
        1,
        null,
        null,
        null,
        1,
        13,
        null,
        null,
        null,
        null,
        null,
        1,
        13,
        13,
        13,
        2,
        null,
        11,
        null,
        13,
        13,
        null,
        null,
        null,
        1,
        null,
        1,
        null,
        null,
        1,
        null,
        null,
        null,
        1,
        null,
        1,
        2,
        2,
        2,
        null,
        null,
        1,
        11,
        1,
        10,
        null,
        1,
        null,
        9,
        null,
        null,
        null,
        1,
        3,
        3,
        3,
        null,
        null,
        1,
        1,
        1,
        1,
        null,
        null,
        1,
        12,
        12,
        null,
        4,
        4,
        null,
        null,
        null,
        8,
        2,
        null,
        6,
        null,
        8,
        8,
        null,
        null,
        null,
        1,
        8,
        6,
        6,
        6,
        6,
        null,
        null,
        null,
        null,
        null,
        1,
        null,
        null,
        null,
        1,
        184,
        null,
        null,
        null,
        1,
        3845,
        null,
        null,
        null,
        1,
        149,
        null,
        null,
        null,
        1,
        259,
        null,
        null,
        null,
        1,
        265,
        null,
        null,
        null,
        1,
        1326,
        null,
        null,
        null,
        1,
        71,
        null,
        null,
        1,
        null,
        1,
        null,
        1,
        3994,
        3994,
        null,
        3778,
        3778,
        null,
        null,
        null,
        1,
        3941,
        3941,
        null,
        null,
        1,
        524,
        524,
        246,
        246,
        null,
        null,
        null,
        1,
        474,
        null,
        null,
        1,
        1397,
        1397,
        1397,
        null,
        1397,
        1394,
        1394,
        null,
        null,
        1,
        1326,
        1326,
        3,
        null,
        null,
        null,
        null,
        null,
        1,
        null,
        null,
        null,
        1,
        1326,
        null,
        null,
        null,
        null,
        null,
        null,
        1,
        null,
        1326,
        10289,
        null,
        1326,
        367,
        null,
        959,
        null,
        null,
        null,
        1,
        null,
        1,
        null,
        1,
        367,
        null,
        116,
        null,
        98,
        null,
        78,
        null,
        75,
        null,
        null,
        null,
        1,
        153,
        153,
        153,
        150,
        null,
        3,
        null,
        null,
        null,
        null,
        1,
        959,
        499,
        null,
        460,
        null,
        null,
        null,
        1,
        460,
        460,
        458,
        null,
        2,
        null,
        null,
        null,
        null,
        null,
        1,
        null,
        null,
        null,
        1,
        160,
        null,
        null,
        null,
        1,
        1439,
        null,
        null,
        null,
        1,
        93,
        null,
        null,
        null,
        1,
        128,
        null,
        null,
        null,
        1,
        31,
        null,
        null,
        null,
        1,
        1277,
        null,
        null,
        null,
        1,
        22,
        null,
        null,
        1,
        null,
        1,
        null,
        1,
        1660,
        null,
        null,
        1,
        1330,
        1330,
        1330,
        1330,
        1330,
        null,
        null,
        1,
        2990,
        2990,
        2942,
        2942,
        2942,
        2806,
        108,
        null,
        64,
        null,
        2634,
        null,
        null,
        null,
        2990,
        null,
        null,
        null,
        null,
        null,
        1,
        null,
        null,
        null,
        1,
        1330,
        null,
        null,
        null,
        null,
        1,
        1330,
        1330,
        1330,
        null,
        null,
        1,
        null,
        1,
        null,
        null,
        1,
        1448,
        null,
        null,
        null,
        1,
        1352,
        null,
        null,
        1,
        2606,
        2606,
        2606,
        428,
        428,
        null,
        null,
        null,
        1,
        118,
        118,
        118,
        118,
        null,
        null,
        null,
        1,
        22,
        22,
        22,
        22,
        null,
        null,
        null,
        1,
        34,
        34,
        8,
        8,
        8,
        null,
        34,
        34,
        null,
        null,
        null,
        null,
        1,
        1364,
        68,
        null,
        52,
        null,
        16,
        null,
        null,
        null,
        null,
        null,
        null
      ],
      "/Users/Jim/RubymineProjects/tennis-score-board-ng/app/models/concerns/match_validation.rb": [
        null,
        1,
        null,
        null,
        null,
        1,
        null,
        null,
        null,
        1,
        3560,
        null,
        null,
        null,
        null,
        null,
        null,
        null,
        null,
        null,
        null,
        null,
        null,
        null,
        null,
        null,
        null,
        1,
        3560,
        3560,
        3560,
        3560,
        3560,
        null,
        null,
        1,
        null,
        1,
        null,
        1,
        3560,
        1095,
        1095,
        null,
        2465,
        null,
        null,
        null,
        1,
        1095,
        1,
        null,
        null,
        null,
        1,
        1095,
        1086,
        null,
        1086,
        null,
        1086,
        2,
        null,
        null,
        null,
        null,
        1,
        null,
        2465,
        1,
        null,
        null,
        null,
        null,
        1,
        3560,
        3560,
        3560,
        3,
        null,
        null,
        null,
        null,
        1,
        3560,
        3556,
        2,
        3556,
        null,
        null,
        null,
        1,
        3560,
        3321,
        null,
        null,
        null,
        1,
        3560,
        1095,
        null,
        2465,
        null,
        3560,
        7120,
        7120,
        7120,
        2182,
        null,
        null,
        null,
        null,
        null,
        null,
        1,
        null,
        null,
        1,
        3321,
        null,
        null,
        null,
        null,
        null,
        1,
        3321,
        10,
        null,
        null,
        null,
        1,
        null,
        1,
        1,
        null,
        null,
        1,
        3321,
        3152,
        3152,
        2,
        null,
        3152,
        2,
        null,
        3152,
        3152,
        3155,
        null,
        null,
        null,
        1,
        3152,
        null,
        null,
        3152,
        181,
        null,
        null,
        181,
        2,
        null,
        181,
        1,
        null,
        null,
        null,
        null,
        null,
        null,
        null
      ],
      "/Users/Jim/RubymineProjects/tennis-score-board-ng/spec/factories/match_sets.rb": [
        null,
        null,
        null,
        null,
        null,
        null,
        null,
        null,
        null,
        null,
        null,
        null,
        null,
        1,
        null,
        1,
        1,
        1,
        null,
        null,
        1,
        1,
        1,
        17,
        null,
        null,
        null,
        null,
        null
      ],
      "/Users/Jim/RubymineProjects/tennis-score-board-ng/app/models/match_set.rb": [
        null,
        null,
        null,
        null,
        null,
        null,
        null,
        null,
        null,
        null,
        null,
        null,
        null,
        null,
        null,
        null,
        null,
        null,
        null,
        null,
        null,
        null,
        null,
        null,
        null,
        null,
        null,
        null,
        null,
        null,
        null,
        null,
        null,
        null,
        1,
        1,
        1,
        null,
        1,
        null,
        1,
        null,
        1,
        1,
        1,
        7395,
        null,
        null,
        null,
        1,
        11300,
        null,
        null,
        null,
        null,
        null,
        null,
        1,
        4505,
        306,
        null,
        4199,
        null,
        null,
        null,
        null,
        null,
        null,
        1,
        6655,
        1613,
        null,
        5042,
        null,
        5042,
        null,
        null,
        null,
        null,
        null,
        null,
        null,
        null,
        null,
        1,
        88,
        72,
        72,
        72,
        72,
        72,
        72,
        null,
        null,
        null,
        null,
        null,
        1,
        2986,
        null,
        null,
        null,
        null,
        null,
        null,
        1,
        17666,
        null,
        2497,
        null,
        124,
        null,
        15045,
        null,
        null,
        null,
        null,
        null,
        1,
        3253,
        null,
        null,
        null,
        null,
        null,
        null,
        null,
        null,
        1,
        3778,
        3778,
        null,
        null,
        null,
        1,
        4132,
        null,
        null,
        1,
        null,
        1,
        705,
        704,
        704,
        null,
        null,
        null,
        1,
        5114,
        4990,
        null,
        124,
        null,
        5114,
        506,
        null,
        null,
        null,
        1,
        4990,
        4990,
        4990,
        null,
        4990,
        4990,
        null,
        null,
        1,
        5114,
        null,
        3572,
        null,
        1542,
        1542,
        1542,
        null,
        null,
        1542,
        1542,
        null,
        null,
        1,
        1542,
        1542,
        1542,
        7396,
        7396,
        null,
        1542,
        1542,
        1542,
        null,
        null,
        1,
        1542,
        1542,
        7416,
        7396,
        4005,
        null,
        3391,
        null,
        7396,
        null,
        null,
        null
      ],
      "/Users/Jim/RubymineProjects/tennis-score-board-ng/spec/factories/matches.rb": [
        null,
        null,
        null,
        null,
        null,
        null,
        null,
        null,
        null,
        null,
        null,
        null,
        null,
        null,
        null,
        null,
        null,
        null,
        null,
        1,
        null,
        1,
        1,
        1,
        1,
        1,
        1,
        1,
        1,
        null,
        null,
        1,
        1,
        1,
        1,
        null,
        null,
        null,
        141,
        null,
        1,
        null,
        null,
        null,
        141,
        null,
        null,
        null,
        null,
        1,
        1,
        1,
        1,
        null,
        null,
        1,
        1,
        1,
        null,
        1,
        195,
        null,
        null,
        1,
        195,
        null,
        null,
        null,
        1,
        1,
        7,
        7,
        null,
        1,
        7,
        7,
        null,
        null,
        null,
        null,
        null,
        1,
        1,
        404,
        null,
        null,
        null,
        null
      ],
      "/Users/Jim/RubymineProjects/tennis-score-board-ng/spec/factories/players.rb": [
        null,
        null,
        null,
        null,
        null,
        null,
        null,
        null,
        null,
        null,
        1,
        1,
        1,
        null,
        null
      ],
      "/Users/Jim/RubymineProjects/tennis-score-board-ng/spec/factories/set_games.rb": [
        null,
        null,
        null,
        null,
        null,
        null,
        null,
        null,
        null,
        null,
        null,
        null,
        null,
        null,
        1,
        null,
        1,
        1,
        1,
        null,
        null,
        1,
        1,
        8,
        8,
        8,
        null,
        null,
        null,
        null,
        null
      ],
      "/Users/Jim/RubymineProjects/tennis-score-board-ng/app/models/set_game.rb": [
        null,
        null,
        null,
        null,
        null,
        null,
        null,
        null,
        null,
        null,
        null,
        null,
        null,
        null,
        null,
        null,
        null,
        null,
        null,
        null,
        null,
        null,
        null,
        null,
        null,
        null,
        null,
        1,
        1,
        1,
        1,
        null,
        1,
        11368,
        4124,
        10,
        null,
        null,
        null,
        null,
        null,
        1,
        6515,
        null,
        null,
        null,
        null,
        1,
        14784,
        null,
        null
      ],
      "/Users/Jim/RubymineProjects/tennis-score-board-ng/spec/factories/teams.rb": [
        null,
        null,
        null,
        null,
        null,
        null,
        null,
        null,
        null,
        null,
        null,
        null,
        null,
        1,
        null,
        1,
        1,
        1,
        1,
        null,
        null,
        1,
        1,
        1,
        342,
        null,
        1,
        342,
        null,
        null,
        null,
        null,
        null
      ],
      "/Users/Jim/RubymineProjects/tennis-score-board-ng/app/models/team.rb": [
        null,
        null,
        null,
        null,
        null,
        null,
        null,
        null,
        null,
        null,
        null,
        null,
        null,
        null,
        null,
        null,
        null,
        null,
        null,
        null,
        null,
        null,
        null,
        1,
        1,
        null,
        1,
        null,
        741,
        null,
        null,
        1,
        1,
        1,
        1,
        1,
        1,
        null,
        null,
        715,
        null,
        null,
        null,
        null,
        null,
        1,
        4662,
        null,
        null,
        null,
        null,
        null,
        null,
        1,
        4662,
        null,
        null,
        1,
        null,
        1,
        6,
        3,
        3,
        null,
        null,
        null,
        1,
        740,
        740,
        740,
        2,
        2,
        2,
        null,
        null,
        null,
        1,
        734,
        null,
        null,
        1,
        6,
        null,
        null,
        1,
        740,
        null,
        null,
        1,
        740,
        6,
        3,
        null,
        3,
        null,
        null,
        null,
        null,
        1,
        740,
        346,
        6,
        3,
        null,
        3,
        null,
        null,
        340,
        null,
        null,
        null,
        394,
        null,
        null,
        null,
        1,
        740,
        340,
        340,
        null,
        340,
        3,
        null,
        null,
        null,
        null,
        null,
        1,
        2,
        null,
        null,
        null,
        1,
        null,
        null,
        2,
        2,
        null,
        null
      ],
      "/Users/Jim/RubymineProjects/tennis-score-board-ng/spec/factories/users.rb": [
        null,
        null,
        null,
        null,
        null,
        null,
        null,
        null,
        null,
        null,
        null,
        null,
        null,
        null,
        null,
        null,
        null,
        null,
        null,
        null,
        1,
        1,
        1,
        1,
        1,
        null,
        null
      ],
      "/Users/Jim/RubymineProjects/tennis-score-board-ng/config/routes.rb": [
        1,
        null,
        1,
        null,
        1,
        1,
        1,
        1,
        1,
        1,
        1,
        1,
        1,
        null,
        null,
        null,
        null,
        null
      ],
      "/Users/Jim/RubymineProjects/tennis-score-board-ng/lib/api_constraints.rb": [
        null,
        1,
        null,
        null,
        null,
        null,
        null,
        null,
        1,
        6,
        6,
        null,
        null,
        null,
        null,
        null,
        null,
        null,
        null,
        null,
        null,
        1,
        5,
        5,
        2,
        null,
        3,
        1,
        null,
        2,
        null,
        null,
        null,
        null,
        1,
        null,
        null,
        1,
        null
      ],
      "/Users/Jim/RubymineProjects/tennis-score-board-ng/spec/support/request_helpers.rb": [
        1,
        1,
        1,
        95,
        null,
        null,
        null,
        1,
        1,
        2,
        null,
        null,
        1,
        3,
        null,
        null,
        1,
        113,
        null,
        null,
        1,
        183,
        null,
        null,
        null,
        1,
        183,
        null,
        null,
        null,
        null
      ],
      "/Users/Jim/RubymineProjects/tennis-score-board-ng/spec/controllers/controllers_shared.rb": [
        1,
        null,
        1,
        null,
        1,
        52,
        28,
        null,
        12,
        null,
        12,
        null,
        4,
        null,
        0,
        null,
        null,
        24,
        null,
        null,
        null,
        1,
        10,
        10,
        10,
        null,
        null,
        1,
        8,
        8,
        8,
        null,
        null,
        null,
        1,
        16,
        16,
        16,
        null,
        null,
        16,
        0,
        null,
        null,
        16,
        0,
        null,
        null,
        null,
        1,
        18,
        18,
        18,
        null,
        null,
        18,
        18,
        null,
        null,
        18,
        0,
        null,
        null,
        18,
        0,
        null,
        null,
        null,
        1,
        8,
        8,
        null,
        null,
        8,
        0,
        null,
        null,
        8,
        0,
        null,
        null,
        null,
        1,
        52,
        null,
        null,
        1,
        84,
        null,
        null,
        1,
        24,
        null,
        12,
        null,
        null,
        1,
        2,
        null,
        1,
        null,
        null,
        1,
        11,
        null,
        null,
        1,
        30,
        null,
        15,
        null,
        null,
        1,
        4,
        null,
        2,
        null,
        null,
        1,
        6,
        null,
        6,
        null,
        null,
        1,
        6,
        null,
        null,
        1,
        2,
        null,
        null,
        1,
        4,
        null,
        null,
        1,
        2,
        null,
        null,
        1,
        8,
        null,
        null,
        1,
        1,
        3,
        null,
        2,
        null,
        2,
        null,
        null,
        1,
        3,
        null,
        2,
        null,
        2,
        null,
        null,
        null,
        1,
        2,
        null,
        null,
        1,
        8,
        null,
        null,
        1,
        1,
        2,
        null,
        2,
        null,
        null,
        1,
        2,
        null,
        2,
        null,
        null,
        null,
        1,
        7,
        7,
        null,
        null,
        null,
        14,
        null,
        null,
        1,
        3,
        6,
        null,
        null,
        1,
        4,
        8,
        null,
        null,
        1,
        10,
        null,
        null,
        1,
        6,
        null,
        null,
        null,
        1,
        1,
        null,
        null,
        null,
        null,
        null
      ],
      "/Users/Jim/RubymineProjects/tennis-score-board-ng/app/controllers/application_controller.rb": [
        null,
        null,
        1,
        1,
        1,
        null,
        null,
        1,
        null,
        null,
        1,
        null,
        1,
        null,
        null,
        1,
        11,
        null,
        null,
        null,
        null,
        null
      ],
      "/Users/Jim/RubymineProjects/tennis-score-board-ng/app/controllers/concerns/authenticable.rb": [
        null,
        1,
        null,
        null,
        null,
        null,
        null,
        null,
        null,
        1,
        184,
        null,
        null,
        null,
        null,
        null,
        null,
        1,
        144,
        null,
        25,
        null,
        null,
        119,
        null,
        null,
        null,
        null,
        null,
        null,
        1,
        120,
        null,
        null,
        1,
        null,
        1,
        284,
        null,
        null,
        null
      ],
      "/Users/Jim/RubymineProjects/tennis-score-board-ng/spec/controllers/v1/match_scoreboard_controller_spec.rb": [
        1,
        1,
        null,
        1,
        null,
        29,
        15,
        6,
        3,
        1,
        null,
        1,
        1,
        4,
        null,
        1,
        null,
        null,
        1,
        4,
        null,
        1,
        null,
        null,
        1,
        2,
        null,
        1,
        null,
        null,
        null,
        1,
        1,
        30,
        30,
        30,
        null,
        null,
        1,
        29,
        null,
        1,
        5,
        null,
        1,
        1,
        null,
        null,
        1,
        null,
        1,
        3,
        null,
        1,
        null,
        null,
        1,
        3,
        null,
        1,
        null,
        null,
        null,
        1,
        2,
        null,
        1,
        null,
        null,
        1,
        2,
        null,
        1,
        null,
        null,
        1,
        1,
        5,
        1,
        null,
        4,
        null,
        1,
        1,
        null,
        null,
        1,
        1,
        5,
        1,
        null,
        4,
        null,
        1,
        1,
        null,
        null,
        null,
        1,
        5,
        1,
        null,
        4,
        null,
        1,
        1,
        null,
        null,
        null,
        1,
        7,
        null,
        1,
        1,
        1,
        null,
        1,
        null,
        null,
        1,
        1,
        1,
        null,
        1,
        null,
        null,
        1,
        1,
        4,
        null,
        1,
        1,
        null,
        null,
        null,
        null,
        null,
        1,
        3,
        null,
        1,
        null,
        null,
        null
      ],
      "/Users/Jim/RubymineProjects/tennis-score-board-ng/app/controllers/v1/match_scoreboard_controller.rb": [
        null,
        null,
        null,
        null,
        null,
        1,
        null,
        1,
        1,
        1,
        null,
        null,
        null,
        null,
        null,
        null,
        1,
        6,
        null,
        null,
        null,
        null,
        null,
        null,
        null,
        null,
        null,
        null,
        1,
        27,
        27,
        27,
        27,
        27,
        null,
        27,
        27,
        27,
        null,
        4,
        null,
        14,
        null,
        null,
        27,
        27,
        null,
        null,
        null,
        1,
        null,
        1,
        null,
        35,
        null,
        null,
        1,
        4,
        null,
        null,
        1,
        27,
        null,
        null,
        null,
        null,
        null,
        1,
        27,
        27,
        null,
        20,
        null,
        null,
        4,
        null,
        null,
        3,
        null,
        23,
        null,
        null,
        1,
        23,
        23,
        null,
        null,
        1,
        null
      ],
      "/Users/Jim/RubymineProjects/tennis-score-board-ng/app/exceptions/exceptions.rb": [
        null,
        null,
        1,
        null,
        1,
        null,
        1,
        null,
        1,
        null,
        1,
        null
      ],
      "/Users/Jim/RubymineProjects/tennis-score-board-ng/app/controllers/concerns/match_loader.rb": [
        null,
        1,
        null,
        null,
        null,
        null,
        1,
        null,
        null,
        null,
        null,
        null,
        null,
        null,
        null,
        58,
        null,
        null
      ],
      "/Users/Jim/RubymineProjects/tennis-score-board-ng/spec/controllers/v1/matches_controller_spec.rb": [
        1,
        1,
        null,
        1,
        null,
        38,
        37,
        22,
        3,
        20,
        20,
        3,
        15,
        4,
        5,
        4,
        8,
        1,
        1,
        null,
        1,
        6,
        null,
        null,
        1,
        2,
        null,
        null,
        1,
        1,
        2,
        2,
        null,
        null,
        1,
        1,
        null,
        null,
        1,
        1,
        3,
        null,
        1,
        1,
        null,
        null,
        1,
        3,
        null,
        1,
        1,
        null,
        null,
        1,
        2,
        null,
        1,
        null,
        null,
        null,
        1,
        1,
        17,
        null,
        1,
        4,
        null,
        1,
        1,
        null,
        null,
        1,
        1,
        null,
        null,
        1,
        4,
        null,
        1,
        1,
        null,
        null,
        1,
        1,
        null,
        null,
        1,
        1,
        1,
        null,
        null,
        1,
        1,
        null,
        null,
        null,
        1,
        1,
        1,
        null,
        null,
        1,
        1,
        null,
        null,
        null,
        1,
        1,
        2,
        null,
        null,
        1,
        null,
        null,
        1,
        1,
        2,
        null,
        null,
        1,
        null,
        null,
        1,
        1,
        2,
        null,
        null,
        1,
        null,
        null,
        1,
        1,
        2,
        2,
        null,
        1,
        null,
        null,
        null,
        1,
        1,
        3,
        null,
        1,
        null,
        null,
        null,
        null,
        1,
        1,
        20,
        null,
        1,
        null,
        1,
        1,
        3,
        null,
        null,
        1,
        1,
        null,
        null,
        1,
        1,
        null,
        null,
        1,
        1,
        3,
        null,
        null,
        1,
        1,
        null,
        null,
        1,
        1,
        null,
        null,
        null,
        1,
        1,
        6,
        null,
        1,
        1,
        1,
        null,
        null,
        null,
        1,
        1,
        4,
        null,
        1,
        1,
        1,
        null,
        null,
        null,
        1,
        1,
        1,
        null,
        null,
        1,
        null,
        null,
        1,
        1,
        2,
        null,
        1,
        null,
        null,
        null,
        1,
        3,
        null,
        1,
        null,
        null,
        null,
        1,
        1,
        3,
        null,
        1,
        2,
        null,
        2,
        null,
        null,
        1,
        2,
        null,
        1,
        null,
        null,
        null,
        1,
        3,
        null,
        1,
        null,
        null,
        null
      ],
      "/Users/Jim/RubymineProjects/tennis-score-board-ng/app/controllers/v1/matches_controller.rb": [
        null,
        null,
        null,
        null,
        null,
        null,
        null,
        null,
        null,
        1,
        1,
        1,
        null,
        1,
        null,
        null,
        null,
        null,
        1,
        2,
        2,
        null,
        null,
        null,
        null,
        null,
        null,
        null,
        1,
        4,
        null,
        null,
        null,
        null,
        null,
        null,
        null,
        null,
        null,
        null,
        null,
        null,
        null,
        null,
        1,
        16,
        16,
        8,
        null,
        8,
        null,
        null,
        null,
        null,
        null,
        null,
        null,
        null,
        null,
        null,
        null,
        null,
        null,
        null,
        null,
        null,
        null,
        1,
        18,
        18,
        11,
        null,
        7,
        null,
        18,
        16,
        null,
        2,
        null,
        null,
        null,
        null,
        null,
        null,
        null,
        null,
        1,
        1,
        1,
        null,
        null,
        1,
        null,
        null,
        null,
        1,
        34,
        34,
        34,
        24,
        null,
        10,
        null,
        34,
        null,
        null,
        1,
        34,
        null,
        null,
        1,
        94,
        null,
        null,
        1,
        26,
        null,
        null,
        1,
        34,
        null,
        null,
        1,
        26,
        null,
        null,
        1,
        13,
        null,
        null,
        1,
        11,
        null,
        null,
        1,
        16,
        16,
        16,
        13,
        null,
        3,
        null,
        null,
        null,
        1,
        3,
        null,
        null,
        1,
        7,
        null,
        null,
        null,
        1,
        10,
        10,
        null,
        null,
        null,
        null,
        null,
        null,
        null,
        null,
        1,
        20,
        20,
        20,
        14,
        null,
        14,
        null,
        20,
        null,
        null
      ],
      "/Users/Jim/RubymineProjects/tennis-score-board-ng/spec/controllers/v1/players_controller_spec.rb": [
        1,
        1,
        null,
        1,
        null,
        22,
        22,
        3,
        19,
        3,
        6,
        5,
        4,
        3,
        3,
        null,
        1,
        1,
        1,
        2,
        2,
        null,
        null,
        1,
        1,
        null,
        null,
        null,
        1,
        1,
        1,
        3,
        null,
        null,
        1,
        null,
        1,
        1,
        null,
        null,
        1,
        null,
        null,
        1,
        1,
        1,
        null,
        null,
        1,
        null,
        null,
        null,
        1,
        1,
        1,
        7,
        null,
        null,
        1,
        1,
        3,
        null,
        null,
        1,
        null,
        1,
        1,
        null,
        null,
        1,
        null,
        null,
        1,
        1,
        2,
        2,
        null,
        null,
        1,
        null,
        null,
        1,
        1,
        2,
        2,
        null,
        null,
        1,
        null,
        null,
        null,
        1,
        1,
        1,
        2,
        null,
        null,
        1,
        null,
        null,
        null,
        null,
        1,
        1,
        1,
        8,
        null,
        null,
        1,
        1,
        3,
        null,
        null,
        1,
        null,
        1,
        1,
        null,
        null,
        1,
        null,
        null,
        1,
        1,
        1,
        null,
        null,
        1,
        null,
        null,
        1,
        1,
        2,
        null,
        null,
        1,
        null,
        null,
        1,
        1,
        2,
        null,
        null,
        1,
        null,
        null,
        null,
        1,
        1,
        2,
        null,
        null,
        1,
        null,
        null,
        null,
        null,
        1,
        1,
        null,
        1,
        6,
        null,
        null,
        1,
        1,
        1,
        null,
        null,
        1,
        null,
        null,
        1,
        1,
        1,
        null,
        null,
        1,
        null,
        null,
        1,
        1,
        2,
        null,
        null,
        1,
        null,
        null,
        1,
        1,
        2,
        null,
        null,
        1,
        null,
        null,
        null,
        1,
        1,
        2,
        null,
        null,
        1,
        null,
        null,
        null
      ],
      "/Users/Jim/RubymineProjects/tennis-score-board-ng/app/controllers/v1/players_controller.rb": [
        null,
        null,
        null,
        null,
        null,
        null,
        null,
        null,
        null,
        1,
        1,
        1,
        null,
        null,
        null,
        null,
        null,
        1,
        2,
        2,
        null,
        null,
        null,
        null,
        null,
        null,
        null,
        1,
        3,
        null,
        null,
        null,
        null,
        null,
        null,
        null,
        1,
        7,
        null,
        7,
        3,
        null,
        4,
        null,
        null,
        null,
        null,
        null,
        null,
        null,
        null,
        null,
        null,
        1,
        7,
        3,
        null,
        4,
        null,
        null,
        null,
        null,
        null,
        null,
        null,
        null,
        null,
        null,
        1,
        5,
        1,
        null,
        4,
        null,
        null,
        null,
        1,
        null,
        1,
        18,
        null,
        null,
        1,
        14,
        null,
        null,
        null
      ],
      "/Users/Jim/RubymineProjects/tennis-score-board-ng/spec/controllers/v1/sessions_controller_spec.rb": [
        1,
        1,
        null,
        1,
        null,
        5,
        2,
        3,
        null,
        1,
        null,
        1,
        null,
        1,
        1,
        1,
        null,
        null,
        1,
        null,
        null,
        1,
        1,
        2,
        2,
        null,
        null,
        2,
        null,
        1,
        null,
        null,
        null,
        null,
        1,
        1,
        null,
        null,
        null,
        1,
        1,
        1,
        null,
        null,
        1,
        null,
        null,
        1,
        1,
        1,
        null,
        null,
        null,
        1,
        null,
        null,
        null
      ],
      "/Users/Jim/RubymineProjects/tennis-score-board-ng/app/controllers/v1/sessions_controller.rb": [
        null,
        null,
        null,
        null,
        null,
        1,
        null,
        null,
        null,
        null,
        null,
        null,
        null,
        null,
        null,
        1,
        3,
        3,
        3,
        3,
        null,
        3,
        null,
        null,
        null,
        null,
        null,
        null,
        1,
        null,
        2,
        null,
        null,
        null,
        null,
        null,
        null,
        null,
        null,
        1,
        2,
        2,
        1,
        1,
        null,
        2,
        null,
        null
      ],
      "/Users/Jim/RubymineProjects/tennis-score-board-ng/spec/controllers/v1/teams_controller_spec.rb": [
        1,
        1,
        null,
        1,
        null,
        26,
        23,
        3,
        23,
        3,
        23,
        null,
        3,
        null,
        17,
        4,
        5,
        3,
        2,
        null,
        1,
        4,
        null,
        null,
        1,
        6,
        null,
        null,
        1,
        1,
        2,
        2,
        null,
        null,
        1,
        1,
        null,
        null,
        1,
        1,
        4,
        null,
        1,
        null,
        1,
        1,
        null,
        null,
        1,
        null,
        null,
        1,
        4,
        null,
        1,
        null,
        1,
        1,
        null,
        null,
        1,
        null,
        null,
        1,
        2,
        null,
        1,
        null,
        null,
        null,
        1,
        1,
        17,
        null,
        1,
        1,
        2,
        null,
        null,
        1,
        1,
        null,
        null,
        1,
        null,
        null,
        1,
        3,
        null,
        1,
        1,
        null,
        null,
        1,
        null,
        null,
        1,
        1,
        1,
        null,
        null,
        1,
        1,
        null,
        null,
        null,
        null,
        1,
        1,
        1,
        null,
        null,
        1,
        1,
        null,
        null,
        null,
        1,
        1,
        2,
        null,
        null,
        1,
        null,
        null,
        1,
        1,
        2,
        null,
        null,
        1,
        null,
        null,
        1,
        1,
        2,
        2,
        null,
        null,
        1,
        null,
        null,
        1,
        1,
        2,
        null,
        null,
        1,
        null,
        null,
        1,
        1,
        2,
        null,
        null,
        1,
        null,
        null,
        null,
        1,
        1,
        3,
        null,
        1,
        null,
        null,
        null,
        null,
        1,
        1,
        6,
        null,
        1,
        3,
        1,
        2,
        null,
        null,
        1,
        1,
        null,
        null,
        1,
        null,
        null,
        1,
        1,
        1,
        null,
        null,
        1,
        null,
        null,
        1,
        1,
        2,
        null,
        null,
        1,
        null,
        null,
        null,
        1,
        3,
        null,
        1,
        null,
        null,
        null,
        null,
        1,
        1,
        5,
        null,
        1,
        2,
        null,
        1,
        null,
        null,
        1,
        2,
        null,
        1,
        null,
        null,
        1,
        3,
        null,
        1,
        null,
        null,
        null,
        1,
        3,
        null,
        1,
        null,
        null,
        null
      ],
      "/Users/Jim/RubymineProjects/tennis-score-board-ng/app/controllers/v1/teams_controller.rb": [
        null,
        null,
        null,
        null,
        null,
        null,
        null,
        null,
        null,
        1,
        1,
        1,
        null,
        null,
        null,
        null,
        null,
        null,
        null,
        1,
        2,
        2,
        null,
        null,
        null,
        null,
        null,
        null,
        null,
        1,
        6,
        null,
        null,
        null,
        null,
        null,
        null,
        null,
        null,
        null,
        1,
        16,
        16,
        16,
        null,
        16,
        6,
        null,
        10,
        null,
        null,
        null,
        null,
        null,
        null,
        null,
        null,
        null,
        null,
        null,
        null,
        1,
        4,
        2,
        null,
        2,
        null,
        null,
        null,
        null,
        null,
        null,
        null,
        null,
        null,
        null,
        1,
        3,
        1,
        null,
        2,
        null,
        null,
        null,
        1,
        null,
        1,
        16,
        null,
        null,
        1,
        20,
        null,
        null,
        null,
        20,
        20,
        null,
        null,
        null
      ],
      "/Users/Jim/RubymineProjects/tennis-score-board-ng/spec/controllers/v1/user_controller_spec.rb": [
        1,
        1,
        null,
        1,
        3,
        1,
        1,
        3,
        1,
        null,
        1,
        1,
        3,
        3,
        null,
        1,
        1,
        null,
        null,
        1,
        null,
        null,
        1,
        3,
        null,
        1,
        null,
        null,
        null,
        null,
        null
      ],
      "/Users/Jim/RubymineProjects/tennis-score-board-ng/app/controllers/v1/user_controller.rb": [
        null,
        null,
        null,
        null,
        null,
        null,
        1,
        1,
        null,
        null,
        null,
        null,
        1,
        2,
        null,
        null,
        null
      ],
      "/Users/Jim/RubymineProjects/tennis-score-board-ng/spec/lib/api_constraints_spec.rb": [
        1,
        1,
        null,
        1,
        null,
        1,
        2,
        null,
        1,
        1,
        null,
        null,
        null,
        1,
        2,
        null,
        1,
        1,
        null,
        null,
        null,
        1,
        1,
        1,
        null,
        null,
        2,
        null,
        1,
        1,
        null,
        null,
        null,
        null,
        1,
        1,
        1,
        null,
        null,
        2,
        null,
        1,
        1,
        null,
        null,
        null,
        1,
        1,
        1,
        null,
        null,
        2,
        null,
        1,
        1,
        null,
        null,
        null,
        null
      ],
      "/Users/Jim/RubymineProjects/tennis-score-board-ng/spec/lib/play_match_spec.rb": [
        1,
        1,
        null,
        1,
        null,
        1,
        2,
        null,
        1,
        1,
        null,
        null,
        null,
        null,
        1,
        1,
        6,
        null,
        null,
        7,
        null,
        1,
        3,
        1,
        2,
        null,
        1,
        1,
        null,
        null,
        null,
        1,
        2,
        null,
        1,
        1,
        null,
        null,
        null,
        null,
        1,
        3,
        1,
        2,
        null,
        1,
        1,
        null,
        null,
        null,
        1,
        2,
        null,
        1,
        1,
        null,
        null,
        null,
        null,
        1,
        3,
        1,
        2,
        null,
        1,
        1,
        null,
        null,
        null,
        1,
        2,
        null,
        1,
        1,
        null,
        null,
        null,
        null,
        null,
        1,
        2,
        2,
        null,
        1,
        2,
        null,
        null,
        null,
        null,
        null,
        null
      ],
      "/Users/Jim/RubymineProjects/tennis-score-board-ng/spec/models/match_play_spec.rb": [
        1,
        1,
        null,
        null,
        null,
        1,
        1,
        10,
        null,
        1,
        null,
        1,
        2,
        null,
        null,
        1,
        1,
        null,
        null,
        1,
        1,
        10,
        null,
        1,
        6,
        6,
        12,
        null,
        null,
        null,
        null,
        null,
        null,
        null,
        1,
        9,
        null,
        1,
        null,
        1,
        2,
        1,
        null,
        null,
        1,
        2,
        1,
        null,
        null,
        1,
        2,
        null,
        null,
        1,
        1,
        null,
        3,
        3,
        6,
        null,
        null,
        null,
        null,
        null,
        null,
        1,
        1,
        6,
        null,
        1,
        1,
        4,
        null,
        null,
        1,
        null,
        1,
        3,
        1,
        null,
        null,
        null,
        1,
        1,
        2,
        null,
        null,
        null,
        null,
        null,
        1,
        12,
        null,
        1,
        1,
        10,
        null,
        null,
        1,
        null,
        1,
        3,
        1,
        null,
        null,
        1,
        7,
        null,
        1,
        1,
        3,
        null,
        null,
        1,
        null,
        1,
        1,
        1,
        1,
        null,
        1,
        null,
        null,
        null,
        1,
        1,
        2,
        null,
        null,
        null,
        1,
        1,
        2,
        null,
        null,
        1,
        2,
        null,
        null,
        null,
        null,
        null,
        1,
        1,
        2,
        null,
        null,
        null,
        null,
        null,
        1,
        5,
        null,
        1,
        null,
        1,
        3,
        null,
        1,
        null,
        1,
        2,
        null,
        1,
        null,
        null,
        null,
        1,
        1,
        2,
        null,
        null,
        null,
        null,
        1,
        null,
        1,
        1,
        2,
        null,
        null,
        null,
        1,
        null,
        1,
        1,
        1,
        null,
        1,
        null,
        null,
        null,
        null,
        null,
        1,
        1,
        7,
        null,
        null,
        null,
        1,
        null,
        1,
        7,
        null,
        1,
        null,
        1,
        4,
        null,
        1,
        null,
        1,
        2,
        1,
        null,
        null,
        1,
        1,
        1,
        null,
        null,
        null,
        null,
        1,
        1,
        2,
        null,
        null,
        null,
        1,
        1,
        1,
        1,
        null,
        1,
        null,
        null,
        null,
        null,
        1,
        1,
        3,
        null,
        null,
        null,
        1,
        null,
        1,
        3,
        null,
        1,
        null,
        1,
        1,
        1,
        1,
        null,
        null,
        1,
        null,
        null,
        null,
        null,
        1,
        1,
        7,
        null,
        null,
        null,
        1,
        null,
        1,
        7,
        null,
        1,
        null,
        1,
        1,
        3,
        null,
        null,
        1,
        null,
        1,
        2,
        1,
        null,
        null,
        1,
        1,
        1,
        null,
        null,
        null,
        null,
        1,
        1,
        2,
        null,
        null,
        null,
        1,
        1,
        1,
        1,
        null,
        1,
        null,
        null,
        null,
        null,
        1,
        1,
        1,
        3,
        1,
        3,
        null,
        null,
        1,
        1,
        3,
        null,
        1,
        null,
        1,
        1,
        2,
        2,
        null,
        null,
        1,
        null,
        1,
        1,
        1,
        1,
        null,
        null,
        1,
        null,
        null,
        null,
        null,
        null,
        1,
        3,
        1,
        3,
        null,
        null,
        1,
        1,
        null,
        null,
        1,
        1,
        2,
        2,
        null,
        null,
        1,
        null,
        1,
        1,
        1,
        1,
        null,
        null,
        1,
        null,
        null,
        null,
        null,
        null,
        1,
        1,
        5,
        1,
        5,
        null,
        null,
        1,
        1,
        5,
        null,
        1,
        null,
        1,
        1,
        4,
        4,
        null,
        1,
        null,
        1,
        1,
        3,
        3,
        null,
        1,
        null,
        1,
        1,
        2,
        2,
        null,
        1,
        null,
        1,
        1,
        1,
        1,
        null,
        1,
        null,
        null,
        null,
        null,
        null,
        null,
        null,
        1,
        5,
        1,
        5,
        null,
        null,
        1,
        1,
        null,
        null,
        1,
        1,
        4,
        4,
        null,
        null,
        1,
        null,
        1,
        1,
        3,
        3,
        null,
        null,
        1,
        null,
        1,
        1,
        2,
        2,
        null,
        null,
        1,
        null,
        1,
        1,
        1,
        1,
        null,
        null,
        1,
        null,
        null,
        null,
        null,
        null,
        null,
        null,
        null,
        1,
        1,
        1,
        1,
        1,
        null,
        null,
        null,
        1,
        null,
        1,
        1,
        1,
        null,
        null,
        null,
        1,
        null,
        null,
        null,
        1,
        1,
        1,
        1,
        null,
        null,
        null,
        1,
        null,
        null,
        1,
        1,
        1,
        null,
        null,
        null,
        1,
        null,
        null,
        null,
        1,
        1,
        1,
        1,
        null,
        null,
        null,
        1,
        null,
        null,
        1,
        1,
        1,
        null,
        null,
        null,
        1,
        null,
        null,
        null,
        null,
        1,
        1,
        1,
        2,
        null,
        null,
        1,
        1,
        null,
        null,
        1,
        1,
        3,
        null,
        null,
        1,
        1,
        1,
        null,
        null,
        1,
        1,
        2,
        null,
        null,
        1,
        1,
        null,
        null,
        null,
        1,
        null,
        1,
        2,
        null,
        1,
        1,
        null,
        null,
        null,
        1,
        5,
        null,
        1,
        1,
        null,
        null,
        1,
        2,
        null,
        1,
        null,
        null,
        1,
        1,
        1,
        null,
        null,
        null,
        1,
        1,
        1,
        null,
        null,
        null,
        null,
        null,
        null,
        null,
        1,
        1,
        1,
        1,
        null,
        null,
        null,
        1,
        1,
        null,
        null,
        null,
        null,
        null,
        1,
        1,
        1,
        1,
        1,
        2,
        null,
        null,
        null,
        1,
        1,
        null,
        null,
        1,
        1,
        null,
        null,
        null,
        1,
        1,
        2,
        null,
        null,
        null,
        1,
        1,
        null,
        null,
        1,
        1,
        null,
        null,
        null,
        null,
        1,
        1,
        1,
        2,
        null,
        null,
        null,
        1,
        1,
        null,
        null,
        1,
        1,
        null,
        null,
        null,
        null,
        1,
        1,
        2,
        null,
        null,
        null,
        1,
        1,
        null,
        null,
        1,
        1,
        null,
        null,
        null,
        null,
        1,
        1,
        2,
        null,
        null,
        null,
        1,
        1,
        null,
        null,
        1,
        1,
        null,
        null,
        null,
        null,
        1,
        1,
        4,
        null,
        null,
        null,
        1,
        1,
        null,
        null,
        1,
        1,
        null,
        null,
        1,
        1,
        null,
        null,
        1,
        1,
        null,
        null,
        null,
        null,
        null,
        1,
        1,
        1,
        1,
        2,
        null,
        null,
        null,
        1,
        1,
        null,
        null,
        1,
        1,
        null,
        null,
        null,
        null,
        1,
        1,
        2,
        null,
        null,
        null,
        1,
        1,
        null,
        null,
        1,
        1,
        null,
        null,
        null,
        null,
        1,
        1,
        1,
        2,
        null,
        null,
        null,
        1,
        1,
        null,
        null,
        1,
        1,
        null,
        null,
        null,
        1,
        1,
        2,
        null,
        null,
        null,
        1,
        1,
        null,
        null,
        1,
        1,
        null,
        null,
        null,
        null,
        null,
        null,
        null
      ],
      "/Users/Jim/RubymineProjects/tennis-score-board-ng/spec/models/match_play_shared.rb": [
        1,
        null,
        null,
        null,
        1,
        null,
        1,
        8,
        8,
        null,
        null,
        8,
        8,
        null,
        null,
        8,
        0,
        null,
        null,
        8,
        0,
        null,
        null,
        null,
        1,
        3,
        3,
        null,
        null,
        3,
        0,
        null,
        null,
        3,
        0,
        null,
        null,
        null,
        1,
        1,
        1,
        null,
        null,
        1,
        0,
        null,
        null,
        1,
        0,
        null,
        null,
        null,
        1,
        3,
        3,
        null,
        null,
        3,
        3,
        null,
        null,
        3,
        0,
        null,
        null,
        3,
        0,
        null,
        null,
        null,
        1,
        3,
        3,
        null,
        null,
        3,
        3,
        null,
        null,
        3,
        0,
        null,
        null,
        3,
        0,
        null,
        null,
        null,
        1,
        3,
        3,
        3,
        3,
        6,
        0,
        null,
        null,
        3,
        null,
        null,
        3,
        3,
        null,
        null,
        3,
        0,
        null,
        null,
        3,
        0,
        null,
        null,
        null,
        1,
        6,
        6,
        6,
        null,
        null,
        6,
        6,
        null,
        null,
        6,
        0,
        null,
        null,
        6,
        0,
        null,
        null,
        null,
        1,
        1,
        1,
        null,
        null,
        1,
        0,
        null,
        null,
        1,
        0,
        null,
        null,
        null,
        1,
        3,
        3,
        3,
        3,
        null,
        0,
        null,
        null,
        3,
        0,
        null,
        null,
        3,
        0,
        null,
        null,
        null,
        1,
        2,
        2,
        2,
        null,
        null,
        2,
        0,
        null,
        null,
        2,
        0,
        null,
        null,
        null,
        1,
        7,
        7,
        7,
        null,
        null,
        7,
        0,
        null,
        null,
        7,
        0,
        null,
        null,
        null,
        1,
        2,
        2,
        2,
        null,
        null,
        2,
        0,
        null,
        null,
        2,
        0,
        null,
        null,
        null,
        1,
        22,
        22,
        22,
        22,
        22,
        22,
        null,
        null,
        null,
        null,
        null,
        22,
        22,
        22,
        null,
        0,
        null,
        null,
        null,
        22,
        22,
        null,
        9,
        null,
        8,
        null,
        3,
        null,
        2,
        null,
        22,
        null,
        null,
        22,
        0,
        0,
        null,
        0,
        null,
        0,
        null,
        null,
        null,
        22,
        0,
        0,
        null,
        0,
        null,
        null,
        null,
        null,
        1,
        6,
        null,
        null,
        1,
        6,
        null,
        null,
        1,
        3,
        3,
        null,
        null,
        1,
        6,
        null,
        null,
        1,
        14,
        null,
        null,
        1,
        4,
        null,
        null,
        1,
        2,
        null,
        null,
        1,
        4,
        null,
        null,
        1,
        4,
        null,
        null,
        1,
        4,
        null,
        null,
        1,
        4,
        null,
        null,
        1,
        4,
        null,
        null,
        1,
        4,
        null,
        null,
        1,
        2,
        null,
        null,
        1,
        2,
        2,
        null,
        null,
        1,
        1,
        1,
        null,
        null,
        1,
        18,
        null,
        null,
        1,
        16,
        null,
        null,
        1,
        6,
        null,
        null,
        1,
        4,
        null,
        null,
        1,
        2,
        null,
        null,
        1,
        4,
        null,
        null,
        1,
        2,
        null,
        null,
        1,
        6,
        null,
        null,
        1,
        4,
        null,
        null,
        1,
        2,
        null,
        null,
        1,
        null,
        1,
        null,
        null,
        null,
        null,
        null,
        null,
        null,
        null,
        null,
        null,
        null,
        null,
        1,
        null,
        10,
        null,
        null,
        null,
[...]
        null,
        null,
        null,
        null,
        1,
        null,
        1,
        null,
        5,
        2,
        3,
        2,
        3,
        3,
        2,
        null,
        1,
        4,
        null,
        4,
        null,
        4,
        null,
        4,
        null,
        4,
        null,
        4,
        null,
        4,
        null,
        4,
        null,
        4,
        null,
        4,
        null,
        2,
        2,
        null,
        null,
        2,
        2,
        2,
        null,
        null,
        2,
        4,
        null,
        2,
        8,
        null,
        null,
        null,
        2,
        2,
        2,
        2,
        null,
        null,
        null,
        null,
        1,
        22,
        null,
        1,
        null,
        2,
        null,
        2,
        null,
        1,
        1,
        1,
        null,
        null,
        1,
        1,
        1,
        null,
        null,
        1,
        1,
        1,
        null,
        null,
        1,
        1,
        1,
        1,
        null,
        null,
        1,
        1,
        1,
        null,
        null,
        null,
        null,
        1,
        20,
        null,
        1,
        null,
        2,
        null,
        2,
        null,
        1,
        1,
        1,
        null,
        null,
        1,
        1,
        1,
        null,
        null,
        1,
        1,
        1,
        null,
        null,
        null,
        1,
        2,
        null,
        1,
        1,
        1,
        null,
        null,
        null,
        1,
        2,
        null,
        1,
        1,
        1,
        null,
        null,
        null,
        1,
        1,
        7,
        null,
        1,
        1,
        1,
        null,
        null,
        1,
        1,
        1,
        null,
        null,
        1,
        1,
        1,
        null,
        null,
        1,
        1,
        1,
        null,
        null,
        1,
        1,
        1,
        null,
        null,
        1,
        1,
        1,
        1,
        null,
        null,
        1,
        1,
        1,
        null,
        null,
        null,
        null,
        1,
        8,
        null,
        1,
        1,
        1,
        null,
        null,
        1,
        1,
        1,
        null,
        null,
        1,
        1,
        1,
        null,
        null,
        1,
        1,
        1,
        null,
        null,
        1,
        1,
        3,
        3,
        null,
        null,
        1,
        1,
        1,
        null,
        null,
        1,
        1,
        1,
        null,
        null,
        1,
        1,
        1,
        1,
        null,
        null,
        1,
        1,
        1,
        null,
        null,
        null,
        null,
        null,
        null
      ],
      "/Users/Jim/RubymineProjects/tennis-score-board-ng/spec/models/player_spec.rb": [
        null,
        null,
        null,
        null,
        null,
        null,
        null,
        null,
        null,
        null,
        1,
        null,
        1,
        9,
        null,
        2,
        null,
        2,
        null,
        2,
        null,
        1,
        3,
        null,
        1,
        1,
        null,
        null,
        1,
        4,
        null,
        null,
        null,
        1,
        4,
        null,
        1,
        4,
        null,
        null,
        1,
        1,
        1,
        1,
        null,
        null,
        1,
        2,
        null,
        null,
        null,
        1,
        1,
        1,
        1,
        null,
        null,
        1,
        2,
        null,
        null,
        null,
        null
      ],
      "/Users/Jim/RubymineProjects/tennis-score-board-ng/app/models/player.rb": [
        null,
        null,
        null,
        null,
        null,
        null,
        null,
        null,
        null,
        null,
        null,
        null,
        null,
        null,
        null,
        1,
        1,
        1,
        1,
        null,
        null,
        null,
        1,
        416,
        null,
        null,
        null,
        null,
        null,
        1,
        401,
        401,
        394,
        394,
        394,
        394,
        null,
        401,
        null,
        null,
        1,
        null,
        1,
        9,
        9,
        6,
        6,
        null,
        null,
        null,
        1,
        9,
        null,
        null,
        1,
        9,
        9,
        null,
        2,
        1,
        null,
        null,
        null,
        null
      ],
      "/Users/Jim/RubymineProjects/tennis-score-board-ng/spec/models/set_game_spec.rb": [
        null,
        null,
        null,
        null,
        null,
        null,
        null,
        null,
        null,
        null,
        null,
        null,
        null,
        null,
        1,
        null,
        1,
        9,
        null,
        2,
        null,
        2,
        null,
        2,
        null,
        2,
        null,
        2,
        null,
        2,
        null,
        2,
        null,
        1,
        2,
        null,
        1,
        4,
        null,
        null,
        null
      ],
      "/Users/Jim/RubymineProjects/tennis-score-board-ng/spec/models/team_spec.rb": [
        null,
        null,
        null,
        null,
        null,
        null,
        null,
        null,
        null,
        null,
        null,
        null,
        null,
        1,
        null,
        1,
        20,
        null,
        2,
        null,
        2,
        null,
        2,
        null,
        2,
        null,
        2,
        null,
        2,
        null,
        1,
        1,
        null,
        null,
        1,
        1,
        1,
        null,
        null,
        1,
        1,
        1,
        null,
        null,
        1,
        1,
        1,
        null,
        null,
        1,
        1,
        1,
        null,
        null,
        1,
        1,
        1,
        1,
        null,
        null,
        1,
        null,
        1,
        1,
        null,
        null,
        null,
        1,
        5,
        5,
        5,
        1,
        4,
        4,
        null,
        null,
        1,
        1,
        2,
        null,
        1,
        1,
        1,
        null,
        null,
        1,
        1,
        1,
        null,
        null,
        null,
        1,
        1,
        1,
        1,
        null,
        null,
        1,
        1,
        1,
        null,
        null,
        null,
        null,
        1,
        3,
        null,
        1,
        4,
        null,
        null,
        1,
        1,
        1,
        null,
        null,
        1,
        2,
        null,
        null,
        null,
        null
      ],
      "/Users/Jim/RubymineProjects/tennis-score-board-ng/spec/models/user_spec.rb": [
        null,
        null,
        null,
        null,
        null,
        null,
        null,
        null,
        null,
        null,
        null,
        null,
        null,
        null,
        null,
        null,
        null,
        null,
        null,
        null,
        1,
        null,
        1,
        10,
        null,
        2,
        null,
        2,
        null,
        2,
        null,
        2,
        null,
        2,
        null,
        2,
        null,
        2,
        null,
        1,
        1,
        null,
        1,
        1,
        1,
        1,
        null,
        null,
        1,
        1,
        1,
        1,
        null,
        null,
        null
      ],
      "/Users/Jim/RubymineProjects/tennis-score-board-ng/app/models/user.rb": [
        null,
        null,
        null,
        null,
        null,
        null,
        null,
        null,
        null,
        null,
        null,
        null,
        null,
        null,
        null,
        null,
        null,
        null,
        null,
        null,
        null,
        null,
        null,
        null,
        null,
        1,
        1,
        1,
        1,
        null,
        1,
        null,
        1,
        null,
        null,
        1,
        null,
        132,
        132,
        null,
        null,
        null
      ],
      "/Users/Jim/RubymineProjects/tennis-score-board-ng/spec/serializers/v1/match_scoreboard_serializer_spec.rb": [
        1,
        1,
        null,
        1,
        null,
        1,
        24,
        24,
        null,
        null,
        1,
        1,
        5,
        null,
        1,
        4,
        null,
        null,
        1,
        null,
        2,
        null,
        null,
        1,
        5,
        null,
        1,
        4,
        null,
        null,
        1,
        null,
        2,
        null,
        null,
        null,
        1,
        1,
        5,
        null,
        null,
        null,
        1,
        4,
        null,
        null,
        1,
        null,
        2,
        null,
        null,
        1,
        5,
        null,
        null,
        null,
        1,
        4,
        null,
        null,
        1,
        null,
        2,
        null,
        null,
        null,
        1,
        1,
        5,
        null,
        null,
        null,
        1,
        4,
        null,
        null,
        1,
        null,
        2,
        null,
        null,
        1,
        5,
        null,
        null,
        null,
        1,
        4,
        null,
        null,
        1,
        null,
        2,
        null,
        null,
        null,
        null,
        null,
        null,
        null,
        null
      ],
      "/Users/Jim/RubymineProjects/tennis-score-board-ng/spec/serializers/v1/match_serializer_shared.rb": [
        1,
        null,
        null,
        null,
        1,
        null,
        1,
        20,
        null,
        null,
        1,
        5,
        null,
        5,
        5,
        null,
        null,
        null,
        1,
        5,
        null,
        5,
        5,
        null,
        null,
        null,
        1,
        12,
        null,
        null,
        1,
        3,
        3,
        null,
        null,
        1,
        3,
        3,
        null,
        null,
        1,
        48,
        48,
        null,
        null,
        48,
        0,
        null,
        null,
        48,
        0,
        null,
        null,
        null,
        1,
        10,
        10,
        null,
        10,
        10,
        10,
        10,
        10,
        10,
        10,
        5,
        5,
        5,
        null,
        5,
        5,
        null,
        10,
        null,
        null,
        10,
        10,
        null,
        null,
        10,
        0,
        null,
        null,
        10,
        0,
        null,
        null,
        null,
        1,
        null,
        1,
        10,
        10,
        10,
        null,
        null,
        1,
        1,
        1,
        null,
        1,
        20,
        null,
        null,
        1,
        30,
        null,
        null,
        1,
        20,
        20,
        null,
        null,
        1,
        95,
        null,
        null,
        1,
        0,
        null,
        null,
        1,
        10,
        null,
        null,
        null,
        null,
        1,
        1,
        null
      ],
      "/Users/Jim/RubymineProjects/tennis-score-board-ng/app/serializers/v1/match_scoreboard_serializer.rb": [
        null,
        null,
        null,
        null,
        null,
        null,
        null,
        null,
        null,
        null,
        null,
        null,
        null,
        null,
        null,
        null,
        null,
        1,
        1,
        null,
        null,
        null,
        null,
        null,
        null,
        null,
        null,
        1,
        53,
        null,
        null,
        null,
        null,
        null,
        null,
        null,
        null,
        null,
        null,
        null,
        null,
        1,
        53,
        null,
        null,
        null,
        null,
        null,
        null,
        null,
        null,
        null,
        null,
        null,
        null,
        null,
        1,
        53,
        null,
        null,
        null,
        53,
        53,
        53,
        53,
        38,
        38,
        null,
        null,
        53,
        null,
        null,
        null,
        null,
        null,
        null,
        null,
        null,
        null,
        null,
        null,
        null,
        null,
        null,
        null,
        null,
        null,
        null,
        null,
        null,
        null,
        null,
        null,
        null,
        null,
        null,
        1,
        53,
        53,
        53,
        53,
        null,
        null,
        1,
        null,
        1,
        76,
        16,
        16,
        16,
        16,
        null,
        null,
        null,
        null
      ],
      "/Users/Jim/RubymineProjects/tennis-score-board-ng/app/serializers/v1/match_serializer.rb": [
        null,
        null,
        null,
        null,
        null,
        null,
        null,
        null,
        null,
        null,
        null,
        null,
        1,
        1,
        null,
        null,
        null,
        null,
        null,
        null,
        1,
        148,
        null,
        null,
        22,
        null,
        null,
        null,
        null,
        null,
        null,
        null,
        null,
        null,
        1,
        95,
        95,
        48,
        48,
        null,
        47,
        47,
        null,
        95,
        null,
        null,
        null,
        null,
        null,
        null,
        1,
        47,
        null,
        null,
        null,
        null,
        null,
        null,
        1,
        48,
        null,
        null,
        null,
        null,
        null,
        null,
        1,
        47,
        null,
        null,
        null,
        null,
        null,
        null,
        1,
        48,
        null,
        null,
        1,
        null,
        null,
        null,
        null,
        null,
        null,
        null,
        1,
        38,
        19,
        null,
        19,
        null,
        null,
        null,
        null
      ],
      "/Users/Jim/RubymineProjects/tennis-score-board-ng/app/serializers/v1/application_serializer.rb": [
        null,
        null,
        1,
        1,
        null,
        null
      ],
      "/Users/Jim/RubymineProjects/tennis-score-board-ng/spec/serializers/v1/match_serializer_spec.rb": [
        1,
        1,
        null,
        1,
        null,
        1,
        12,
        12,
        null,
        null,
        1,
        1,
        4,
        null,
        1,
        3,
        null,
        null,
        1,
        null,
        2,
        null,
        null,
        1,
        4,
        null,
        1,
        3,
        null,
        null,
        1,
        null,
        2,
        null,
        null,
        null,
        1,
        1,
        4,
        null,
        null,
        null,
        1,
        3,
        null,
        null,
        1,
        null,
        2,
        null,
        null,
        1,
        4,
        null,
        null,
        null,
        1,
        3,
        null,
        null,
        1,
        null,
        2,
        null,
        null,
        null,
        null,
        null
      ],
      "/Users/Jim/RubymineProjects/tennis-score-board-ng/spec/serializers/v1/player_serializer_spec.rb": [
        1,
        null,
        1,
        3,
        3,
        null,
        1,
        2,
        null,
        null,
        1,
        1,
        null,
        null,
        1,
        1,
        null,
        null
      ],
      "/Users/Jim/RubymineProjects/tennis-score-board-ng/app/serializers/v1/player_serializer.rb": [
        null,
        null,
        null,
        null,
        1,
        1,
        null,
        null
      ],
      "/Users/Jim/RubymineProjects/tennis-score-board-ng/spec/serializers/v1/session_serializer_spec.rb": [
        1,
        null,
        1,
        4,
        4,
        null,
        1,
        3,
        null,
        null,
        1,
        1,
        null,
        null,
        1,
        1,
        null,
        null,
        1,
        1,
        null,
        null
      ],
      "/Users/Jim/RubymineProjects/tennis-score-board-ng/app/serializers/v1/session_serializer.rb": [
        null,
        null,
        null,
        null,
        null,
        null,
        1,
        1,
        null
      ],
      "/Users/Jim/RubymineProjects/tennis-score-board-ng/spec/serializers/v1/team_serializer_spec.rb": [
        1,
        null,
        1,
        7,
        7,
        null,
        1,
        6,
        null,
        null,
        1,
        1,
        null,
        null,
        1,
        1,
        null,
        null,
        1,
        1,
        null,
        null,
        1,
        1,
        null,
        null,
        1,
        1,
        null,
        null,
        1,
        1,
        null,
        null
      ],
      "/Users/Jim/RubymineProjects/tennis-score-board-ng/app/serializers/v1/team_serializer.rb": [
        null,
        null,
        null,
        null,
        null,
        1,
        1,
        null,
        null,
        null,
        1,
        118,
        null,
        null,
        null,
        null,
        1,
        118,
        null,
        null,
        null
      ],
      "/Users/Jim/RubymineProjects/tennis-score-board-ng/spec/serializers/v1/user_serializer_spec.rb": [
        1,
        null,
        1,
        4,
        4,
        null,
        1,
        3,
        null,
        null,
        1,
        1,
        null,
        null,
        1,
        1,
        null,
        null,
        1,
        1,
        null,
        null
      ],
      "/Users/Jim/RubymineProjects/tennis-score-board-ng/app/serializers/v1/user_serializer.rb": [
        null,
        null,
        null,
        null,
        1,
        1,
        null,
        null
      ],
      "/Users/Jim/RubymineProjects/tennis-score-board-ng/app/serializers/v1/application_array_serializer.rb": [
        null,
        null,
        1,
        1,
        null,
        null
      ],
      "/Users/Jim/RubymineProjects/tennis-score-board-ng/app/serializers/v1/match_set_serializer.rb": [
        null,
        null,
        null,
        null,
        null,
        null,
        1,
        1,
        null,
        null,
        null,
        null,
        null,
        null,
        1,
        70,
        null,
        null,
        null,
        null,
        null,
        null,
        1,
        70,
        null,
        null,
        40,
        20,
        null,
        20,
        null,
        null,
        null,
        null,
        null
      ],
      "/Users/Jim/RubymineProjects/tennis-score-board-ng/app/serializers/v1/set_game_serializer.rb": [
        null,
        null,
        null,
        null,
        null,
        1,
        1,
        null,
        null,
        null,
        null,
        null,
        1,
        400,
        null,
        null,
        384,
        192,
        null,
        192,
        null,
        null,
        null,
        null,
        null,
        null,
        null,
        null,
        1,
        400,
        null,
        null,
        null,
        null,
        null,
        null,
        1,
        400,
        null,
        null,
        null
      ]
    },
    "timestamp": 1473107031
  }
}
